#
# There is insufficient memory for the Java Runtime Environment to continue.
# Native memory allocation (mmap) failed to map 134217728 bytes for Failed to commit area from 0x0000000081a00000 to 0x0000000089a00000 of length 134217728.
# Possible reasons:
#   The system is out of physical RAM or swap space
#   The process is running with CompressedOops enabled, and the Java Heap may be blocking the growth of the native heap
# Possible solutions:
#   Reduce memory load on the system
#   Increase physical memory or swap space
#   Check if swap backing store is full
#   Decrease Java heap size (-Xmx/-Xms)
#   Decrease number of Java threads
#   Decrease Java thread stack sizes (-Xss)
#   Set larger code cache with -XX:ReservedCodeCacheSize=
# This output file may be truncated or incomplete.
#
#  Out of Memory Error (./src/hotspot/os/windows/os_windows.cpp:3301), pid=19564, tid=30688
#
# JRE version:  (11.0.11+9) (build )
# Java VM: OpenJDK 64-Bit Server VM (11.0.11+9-b60-7590822, mixed mode, sharing, tiered, compressed oops, g1 gc, windows-amd64)
# No core dump will be written. Minidumps are not enabled by default on client versions of Windows
#

---------------  S U M M A R Y ------------

Command Line: 

Host: Intel(R) Core(TM) i5-5300U CPU @ 2.30GHz, 4 cores, 7G,  Windows 10 , 64 bit Build 19041 (10.0.19041.1889)
Time: Wed Aug 24 15:16:07 2022 Pakistan Standard Time elapsed time: 0.018889 seconds (0d 0h 0m 0s)

---------------  T H R E A D  ---------------

Current thread (0x000002339c2fa800):  JavaThread "Unknown thread" [_thread_in_vm, id=30688, stack(0x0000006430800000,0x0000006430900000)]

Stack: [0x0000006430800000,0x0000006430900000]
Native frames: (J=compiled Java code, j=interpreted, Vv=VM code, C=native code)
V  [jvm.dll+0x5f214a]
V  [jvm.dll+0x726fb5]
V  [jvm.dll+0x7285cd]
V  [jvm.dll+0x728c83]
V  [jvm.dll+0x243278]
V  [jvm.dll+0x5ef544]
V  [jvm.dll+0x5e4495]
V  [jvm.dll+0x2fec5b]
V  [jvm.dll+0x2febca]
V  [jvm.dll+0x2feaa2]
V  [jvm.dll+0x303986]
V  [jvm.dll+0x34c3a3]
V  [jvm.dll+0x34caa6]
V  [jvm.dll+0x34c4a3]
V  [jvm.dll+0x2d9688]
V  [jvm.dll+0x2da837]
V  [jvm.dll+0x705ba7]
V  [jvm.dll+0x70739c]
V  [jvm.dll+0x3598f9]
V  [jvm.dll+0x6e931e]
V  [jvm.dll+0x3c1c43]
V  [jvm.dll+0x3c3e81]
C  [jli.dll+0x5373]
C  [ucrtbase.dll+0x21bb2]
C  [KERNEL32.DLL+0x17034]
C  [ntdll.dll+0x52651]


---------------  P R O C E S S  ---------------

Threads class SMR info:
_java_thread_list=0x000002339a971c70, length=0, elements={
}

Java Threads: ( => current thread )

Other Threads:
  0x000002339c313800 GCTaskThread "GC Thread#0" [stack: 0x0000006430900000,0x0000006430a00000] [id=6432]
  0x000002339c343000 ConcurrentGCThread "G1 Main Marker" [stack: 0x0000006430a00000,0x0000006430b00000] [id=29832]
  0x000002339c344800 ConcurrentGCThread "G1 Conc#0" [stack: 0x0000006430b00000,0x0000006430c00000] [id=15008]

[error occurred during error reporting (printing all threads), id 0xc0000005, EXCEPTION_ACCESS_VIOLATION (0xc0000005) at pc=0x00007ff8ef3e9c47]

VM state:not at safepoint (not fully initialized)

VM Mutex/Monitor currently owned by a thread:  ([mutex/lock_event])
[0x000002339c2f8350] Heap_lock - owner thread: 0x000002339c2fa800

Heap address: 0x0000000081a00000, size: 2022 MB, Compressed Oops mode: Non-zero based: 0x0000000081a00000
Narrow klass base: 0x0000000000000000, Narrow klass shift: 0

GC Heap History (0 events):
No events

Deoptimization events (0 events):
No events

Classes redefined (0 events):
No events

Internal exceptions (0 events):
No events

Events (1 events):
Event: 0.009 Loaded shared library C:\Program Files\Android\Android Studio\jre\bin\zip.dll


Dynamic libraries:
0x00007ff7901b0000 - 0x00007ff7901ba000 	C:\Program Files\Android\Android Studio\jre\bin\java.EXE
0x00007ff927a30000 - 0x00007ff927c28000 	C:\WINDOWS\SYSTEM32\ntdll.dll
0x00007ff9275f0000 - 0x00007ff9276ad000 	C:\WINDOWS\System32\KERNEL32.DLL
0x00007ff925330000 - 0x00007ff9255fe000 	C:\WINDOWS\System32\KERNELBASE.dll
0x00007ff925740000 - 0x00007ff925840000 	C:\WINDOWS\System32\ucrtbase.dll
0x00007ff8bf5a0000 - 0x00007ff8bf5b9000 	C:\Program Files\Android\Android Studio\jre\bin\jli.dll
0x00007ff925f50000 - 0x00007ff9260f0000 	C:\WINDOWS\System32\USER32.dll
0x00007ff925150000 - 0x00007ff925172000 	C:\WINDOWS\System32\win32u.dll
0x00007ff9278e0000 - 0x00007ff92790a000 	C:\WINDOWS\System32\GDI32.dll
0x00007ff925180000 - 0x00007ff92528b000 	C:\WINDOWS\System32\gdi32full.dll
0x00007ff8bf580000 - 0x00007ff8bf597000 	C:\Program Files\Android\Android Studio\jre\bin\VCRUNTIME140.dll
0x00007ff925290000 - 0x00007ff92532d000 	C:\WINDOWS\System32\msvcp_win.dll
0x00007ff914dd0000 - 0x00007ff91506a000 	C:\WINDOWS\WinSxS\amd64_microsoft.windows.common-controls_6595b64144ccf1df_6.0.19041.1110_none_60b5254171f9507e\COMCTL32.dll
0x00007ff925eb0000 - 0x00007ff925f4e000 	C:\WINDOWS\System32\msvcrt.dll
0x00007ff9279b0000 - 0x00007ff9279e0000 	C:\WINDOWS\System32\IMM32.DLL
0x00007ff8bf4e0000 - 0x00007ff8bf57d000 	C:\Program Files\Android\Android Studio\jre\bin\msvcp140.dll
0x00007ff8ef100000 - 0x00007ff8efbd5000 	C:\Program Files\Android\Android Studio\jre\bin\server\jvm.dll
0x00007ff927830000 - 0x00007ff9278de000 	C:\WINDOWS\System32\ADVAPI32.dll
0x00007ff926e80000 - 0x00007ff926f1c000 	C:\WINDOWS\System32\sechost.dll
0x00007ff925d80000 - 0x00007ff925ea5000 	C:\WINDOWS\System32\RPCRT4.dll
0x00007ff9279e0000 - 0x00007ff9279e8000 	C:\WINDOWS\System32\PSAPI.DLL
0x00007ff913210000 - 0x00007ff913219000 	C:\WINDOWS\SYSTEM32\WSOCK32.dll
0x00007ff91b5e0000 - 0x00007ff91b607000 	C:\WINDOWS\SYSTEM32\WINMM.dll
0x00007ff927030000 - 0x00007ff92709b000 	C:\WINDOWS\System32\WS2_32.dll
0x00007ff91bbb0000 - 0x00007ff91bbba000 	C:\WINDOWS\SYSTEM32\VERSION.dll
0x00007ff9239e0000 - 0x00007ff9239f2000 	C:\WINDOWS\SYSTEM32\kernel.appcore.dll
0x00007ff91fb60000 - 0x00007ff91fb71000 	C:\Program Files\Android\Android Studio\jre\bin\verify.dll
0x00007ff9236f0000 - 0x00007ff9238d4000 	C:\WINDOWS\SYSTEM32\DBGHELP.DLL
0x00007ff91ee80000 - 0x00007ff91eeac000 	C:\WINDOWS\SYSTEM32\dbgcore.DLL
0x00007ff925600000 - 0x00007ff925682000 	C:\WINDOWS\System32\bcryptPrimitives.dll
0x00007ff91b460000 - 0x00007ff91b489000 	C:\Program Files\Android\Android Studio\jre\bin\java.dll
0x00007ff91d520000 - 0x00007ff91d52b000 	C:\Program Files\Android\Android Studio\jre\bin\jimage.dll
0x00007ff91b520000 - 0x00007ff91b538000 	C:\Program Files\Android\Android Studio\jre\bin\zip.dll

dbghelp: loaded successfully - version: 4.0.5 - missing functions: none
symbol engine: initialized successfully - sym options: 0x614 - pdb path: .;C:\Program Files\Android\Android Studio\jre\bin;C:\WINDOWS\SYSTEM32;C:\WINDOWS\WinSxS\amd64_microsoft.windows.common-controls_6595b64144ccf1df_6.0.19041.1110_none_60b5254171f9507e;C:\Program Files\Android\Android Studio\jre\bin\server

VM Arguments:
java_command: <unknown>
java_class_path (initial): <not set>
Launcher Type: SUN_STANDARD

[Global flags]
     intx CICompilerCount                          = 3                                         {product} {ergonomic}
     uint ConcGCThreads                            = 1                                         {product} {ergonomic}
     uint G1ConcRefinementThreads                  = 4                                         {product} {ergonomic}
   size_t G1HeapRegionSize                         = 1048576                                   {product} {ergonomic}
    uintx GCDrainStackTargetSize                   = 64                                        {product} {ergonomic}
   size_t InitialHeapSize                          = 134217728                                 {product} {ergonomic}
   size_t MarkStackSize                            = 4194304                                   {product} {ergonomic}
   size_t MaxHeapSize                              = 2120220672                                {product} {ergonomic}
   size_t MinHeapDeltaBytes                        = 1048576                                   {product} {ergonomic}
    uintx NonNMethodCodeHeapSize                   = 5830732                                {pd product} {ergonomic}
    uintx NonProfiledCodeHeapSize                  = 122913754                              {pd product} {ergonomic}
    uintx ProfiledCodeHeapSize                     = 122913754                              {pd product} {ergonomic}
    uintx ReservedCodeCacheSize                    = 251658240                              {pd product} {ergonomic}
     bool SegmentedCodeCache                       = true                                      {product} {ergonomic}
     bool UseCompressedClassPointers               = true                                 {lp64_product} {ergonomic}
     bool UseCompressedOops                        = true                                 {lp64_product} {ergonomic}
     bool UseG1GC                                  = true                                      {product} {ergonomic}
     bool UseLargePagesIndividualAllocation        = false                                  {pd product} {ergonomic}

Logging:
Log output configuration:
 #0: stdout all=warning uptime,level,tags
 #1: stderr all=off uptime,level,tags

Environment Variables:
PATH=C:\Program Files\Python39\Scripts\;C:\Program Files\Python39\;C:\WINDOWS\system32;C:\WINDOWS;C:\WINDOWS\System32\Wbem;C:\WINDOWS\System32\WindowsPowerShell\v1.0\;C:\WINDOWS\System32\OpenSSH\;C:\Program Files\Git\cmd;C:\Program Files (x86)\Microsoft SQL Server\150\DTS\Binn\;C:\Program Files\Azure Data Studio\bin;C:\Program Files\Microsoft SQL Server\Client SDK\ODBC\170\Tools\Binn\;C:\Program Files (x86)\Microsoft SQL Server\150\Tools\Binn\;C:\Program Files\Microsoft SQL Server\150\Tools\Binn\;C:\Program Files\Microsoft SQL Server\150\DTS\Binn\;C:\Program Files\Microsoft SQL Server\130\Tools\Binn\;C:\Program Files\CMake\bin;C:\Program Files\dotnet\;C:\Users\HP\AppData\Local\Microsoft\WindowsApps;C:\Users\HP\AppData\Local\Programs\Microsoft VS Code\bin;C:\Program Files\Azure Data Studio\bin;C:\Program Files\CMake\bin;C:\Program Files\JetBrains\PyCharm Community Edition 2021.3.2\bin;;C:\Users\HP\.dotnet\tools;C:\flutter_windows_3.0.5-stable\flutter\bin;;C:\src\flutter\bin\mingit\cmd
USERNAME=HP
OS=Windows_NT
PROCESSOR_IDENTIFIER=Intel64 Family 6 Model 61 Stepping 4, GenuineIntel



---------------  S Y S T E M  ---------------

OS: Windows 10 , 64 bit Build 19041 (10.0.19041.1889)
OS uptime: 4 days 23:41 hours

CPU:total 4 (initial active 4) (2 cores per cpu, 2 threads per core) family 6 model 61 stepping 4 microcode 0x2d, cmov, cx8, fxsr, mmx, sse, sse2, sse3, ssse3, sse4.1, sse4.2, popcnt, avx, avx2, aes, clmul, erms, rtm, 3dnowpref, lzcnt, ht, tsc, tscinvbit, bmi1, bmi2, adx, fma

Memory: 4k page, system-wide physical 8082M (732M free)
TotalPageFile size 30965M (AvailPageFile size 18M)
current process WorkingSet (physical memory assigned to process): 9M, peak: 9M
current process commit charge ("private bytes"): 51M, peak: 179M

vm_info: OpenJDK 64-Bit Server VM (11.0.11+9-b60-7590822) for windows-amd64 JRE (11.0.11+9-b60-7590822), built on Jul 29 2021 21:43:44 by "builder" with MS VC++ 14.0 (VS2015)

END.
